\BOOKMARK [1][-]{section.1}{Introduction}{}% 1
\BOOKMARK [2][-]{subsection.1.1}{History of Quaternions}{section.1}% 2
\BOOKMARK [2][-]{subsection.1.2}{Basic Geometric Transformations}{section.1}% 3
\BOOKMARK [1][-]{section.2}{Discussion}{}% 4
\BOOKMARK [2][-]{subsection.2.1}{Algebra \046 Quaternions}{section.2}% 5
\BOOKMARK [2][-]{subsection.2.2}{Geometry \046 Quaternions}{section.2}% 6
\BOOKMARK [1][-]{section.3}{Comparison}{}% 7
\BOOKMARK [2][-]{subsection.3.1}{Other Non-Euclidean Transformation Methods}{section.3}% 8
\BOOKMARK [2][-]{subsection.3.2}{Conversion Between Methods}{section.3}% 9
\BOOKMARK [3][-]{subsubsection.3.2.1}{Euler Angles to Rotation Matrix}{subsection.3.2}% 10
\BOOKMARK [3][-]{subsubsection.3.2.2}{}{subsection.3.2}% 11
\BOOKMARK [2][-]{subsection.3.3}{Comparison Between Methods}{section.3}% 12
\BOOKMARK [3][-]{subsubsection.3.3.1}{Euler Angles and Rotation Matrices Disadvantages}{subsection.3.3}% 13
\BOOKMARK [3][-]{subsubsection.3.3.2}{Euler Angles and Rotation Matrices Advantages}{subsection.3.3}% 14
\BOOKMARK [3][-]{subsubsection.3.3.3}{Quaternions Disadvantages}{subsection.3.3}% 15
\BOOKMARK [3][-]{subsubsection.3.3.4}{Quaternions Advantages}{subsection.3.3}% 16
\BOOKMARK [1][-]{section.4}{Applications}{}% 17
\BOOKMARK [2][-]{subsection.4.1}{Aeronautics \046 Quaternions}{section.4}% 18
\BOOKMARK [2][-]{subsection.4.2}{Computer Graphics \046 Quaternions}{section.4}% 19
\BOOKMARK [1][-]{section.5}{Conclusion}{}% 20
